<?xml version="1.0" encoding="UTF-8"?>
<beans xmlns="http://www.springframework.org/schema/beans" xmlns:xsi="http://www.w3.org/2001/XMLSchema-instance"
		xmlns:p="http://www.springframework.org/schema/p" xmlns:aop="http://www.springframework.org/schema/aop"
		xmlns:context="http://www.springframework.org/schema/context" xmlns:jee="http://www.springframework.org/schema/jee"
		xmlns:tx="http://www.springframework.org/schema/tx"
		xsi:schemaLocation="
			http://www.springframework.org/schema/aop http://www.springframework.org/schema/aop/spring-aop-2.5.xsd
			http://www.springframework.org/schema/beans http://www.springframework.org/schema/beans/spring-beans-2.5.xsd
			http://www.springframework.org/schema/context http://www.springframework.org/schema/context/spring-context-2.5.xsd
			http://www.springframework.org/schema/jee http://www.springframework.org/schema/jee/spring-jee-2.5.xsd
			http://www.springframework.org/schema/tx http://www.springframework.org/schema/tx/spring-tx-2.5.xsd">

	<context:property-placeholder location="classpath:test.properties, classpath:hibernate/hibernate.properties"/>
	
	<context:annotation-config/>

	<tx:annotation-driven/>
	
	<bean id="dataSource" class="org.apache.commons.dbcp.BasicDataSource" destroy-method="close"
			p:driverClassName="${jdbc.driver}" p:url="${jdbc.url}" p:username="${jdbc.username}"
			p:password="${jdbc.password}"/>
	
	
	<!-- 
	<bean id="dataSource" class="org.springframework.jdbc.datasource.DriverManagerDataSource"
			p:driverClassName="${jdbc.driver}" p:url="${jdbc.url}"
			p:username="${jdbc.username}" p:password="${jdbc.password}" />
	 -->
	 
	<import resource="classpath:/db-context.xml"/>
	
		<bean id="widgetDao" class="com.studerb.dao.WidgetDao" p:tableName="widget"/>			
		<!-- <bean id="widgetService" class="com.studerb.service.DefaultWidgetService" /> -->
	
</beans>
